<?xml version="1.0" encoding="UTF-8"?>
<testng-results ignored="0" total="1" passed="1" failed="0" skipped="0">
  <reporter-output>
  </reporter-output>
  <suite started-at="2022-06-08T12:28:04 IST" name="Default suite" finished-at="2022-06-08T12:29:17 IST" duration-ms="73330">
    <groups>
    </groups>
    <test started-at="2022-06-08T12:28:04 IST" name="Default test" finished-at="2022-06-08T12:29:17 IST" duration-ms="73330">
      <class name="com.vtiger.practice.CalenderPopup1">
        <test-method signature="calenderPopup1()[pri:0, instance:com.vtiger.practice.CalenderPopup1@1704f67f]" started-at="2022-06-08T12:28:04 IST" name="calenderPopup1" finished-at="2022-06-08T12:29:16 IST" duration-ms="71908" status="PASS">
          <reporter-output>
          </reporter-output>
        </test-method> <!-- calenderPopup1 -->
      </class> <!-- com.vtiger.practice.CalenderPopup1 -->
    </test> <!-- Default test -->
  </suite> <!-- Default suite -->
</testng-results>
